<?xml version="1.0" encoding="UTF-8"?>
<testng-results ignored="0" total="1" passed="1" failed="0" skipped="0">
  <reporter-output>
  </reporter-output>
  <suite started-at="2021-07-28T11:23:04 BST" name="Default suite" finished-at="2021-07-28T11:23:19 BST" duration-ms="15132">
    <groups>
    </groups>
    <test started-at="2021-07-28T11:23:04 BST" name="Default test" finished-at="2021-07-28T11:23:19 BST" duration-ms="15132">
      <class name="testCases.dropdown">
        <test-method signature="dropdown()[pri:0, instance:testCases.dropdown@65d6b83b]" started-at="2021-07-28T11:23:04 BST" name="dropdown" finished-at="2021-07-28T11:23:19 BST" duration-ms="15077" status="PASS">
          <reporter-output>
          </reporter-output>
        </test-method> <!-- dropdown -->
      </class> <!-- testCases.dropdown -->
    </test> <!-- Default test -->
  </suite> <!-- Default suite -->
</testng-results>
